<?xml version="1.0" encoding="UTF-8"?>
<testsuite xmlns:xsi="http://www.w3.org/2001/XMLSchema-instance" xsi:noNamespaceSchemaLocation="https://maven.apache.org/surefire/maven-surefire-plugin/xsd/surefire-test-report-3.0.xsd" version="3.0" name="io.github.ogc.miniredis.command.ListCommandTest" time="0.023" tests="21" errors="0" skipped="0" failures="0">
  <properties>
[...]
</properties>
  <testcase name="rpush_wrongType_returnsWrongType" classname="io.github.ogc.miniredis.command.ListCommandTest" time="0.001"/>
  <testcase name="lrange_negativeIndex_fromEnd" classname="io.github.ogc.miniredis.command.ListCommandTest" time="0.001"/>
  <testcase name="lrange_wrongType_returnsWrongType" classname="io.github.ogc.miniredis.command.ListCommandTest" time="0.0"/>
  <testcase name="lpush_order_isLeftmostFirst" classname="io.github.ogc.miniredis.command.ListCommandTest" time="0.001"/>
  <testcase name="rpush_order_isInsertionOrder" classname="io.github.ogc.miniredis.command.ListCommandTest" time="0.001"/>
  <testcase name="lpop_noKey_returnsNull" classname="io.github.ogc.miniredis.command.ListCommandTest" time="0.0"/>
  <testcase name="rpush_newKey_createsAndPushes" classname="io.github.ogc.miniredis.command.ListCommandTest" time="0.0"/>
  <testcase name="llen_normal_returnsCount" classname="io.github.ogc.miniredis.command.ListCommandTest" time="0.0"/>
  <testcase name="lrange_normal_returnsSlice" classname="io.github.ogc.miniredis.command.ListCommandTest" time="0.001"/>
  <testcase name="lpush_newKey_createsAndPushes" classname="io.github.ogc.miniredis.command.ListCommandTest" time="0.001"/>
  <testcase name="lpop_emptyList_returnsNull" classname="io.github.ogc.miniredis.command.ListCommandTest" time="0.0"/>
  <testcase name="llen_noKey_returnsZero" classname="io.github.ogc.miniredis.command.ListCommandTest" time="0.001"/>
  <testcase name="rpop_noKey_returnsNull" classname="io.github.ogc.miniredis.command.ListCommandTest" time="0.001"/>
  <testcase name="rpop_wrongType_returnsWrongType" classname="io.github.ogc.miniredis.command.ListCommandTest" time="0.0"/>
  <testcase name="llen_wrongType_returnsWrongType" classname="io.github.ogc.miniredis.command.ListCommandTest" time="0.0"/>
  <testcase name="lrange_startGreaterThanStop_returnsEmpty" classname="io.github.ogc.miniredis.command.ListCommandTest" time="0.0"/>
  <testcase name="lpop_normal_removesAndReturnsLeftmost" classname="io.github.ogc.miniredis.command.ListCommandTest" time="0.0"/>
  <testcase name="rpop_normal_removesAndReturnsRightmost" classname="io.github.ogc.miniredis.command.ListCommandTest" time="0.0"/>
  <testcase name="lrange_noKey_returnsEmpty" classname="io.github.ogc.miniredis.command.ListCommandTest" time="0.001"/>
  <testcase name="lpush_wrongType_returnsWrongType" classname="io.github.ogc.miniredis.command.ListCommandTest" time="0.0"/>
  <testcase name="lpop_wrongType_returnsWrongType" classname="io.github.ogc.miniredis.command.ListCommandTest" time="0.0"/>
</testsuite>